<?xml version="1.0" encoding="UTF-8"?>
<!-- Generated by org.testng.reporters.JUnitXMLReporter -->
<testsuite hostname="cs-PC" ignored="0" name="JuYiPai" tests="3" failures="0" timestamp="31 七月 2018 02:30:43 GMT" time="25.539" errors="0">
  <testcase name="loginCase" time="10.668" classname="autofreamwork.LoginTest"/>
  <testcase name="loginFalsephone" time="6.123" classname="autofreamwork.LoginTest"/>
  <testcase name="loginFalsepwd" time="5.987" classname="autofreamwork.LoginTest"/>
</testsuite> <!-- JuYiPai -->
