<?xml version="1.0" encoding="UTF-8"?>
<!-- Generated by org.testng.reporters.JUnitXMLReporter -->
<testsuite hostname="cs-PC" ignored="0" name="JuYiPai" tests="3" failures="0" timestamp="31 七月 2018 01:59:24 GMT" time="27.237" errors="0">
  <testcase name="loginCase" time="12.337" classname="autofreamwork.LoginTest"/>
  <testcase name="loginFalsephone" time="6.127" classname="autofreamwork.LoginTest"/>
  <testcase name="loginFalsepwd" time="6.258" classname="autofreamwork.LoginTest"/>
</testsuite> <!-- JuYiPai -->
