<?xml version="1.0" encoding="UTF-8"?>
<testng-results skipped="0" failed="0" ignored="0" total="3" passed="3">
  <reporter-output>
  </reporter-output>
  <suite name="Default Suite" duration-ms="27237" started-at="2018-07-31T01:58:57Z" finished-at="2018-07-31T01:59:24Z">
    <groups>
    </groups>
    <test name="JuYiPai" duration-ms="27237" started-at="2018-07-31T01:58:57Z" finished-at="2018-07-31T01:59:24Z">
      <class name="autofreamwork.LoginTest">
        <test-method status="PASS" signature="loginCase()[pri:0, instance:autofreamwork.LoginTest@3ac3fd8b]" name="loginCase" duration-ms="12337" started-at="2018-07-31T09:58:57Z" finished-at="2018-07-31T09:59:09Z">
          <reporter-output>
          </reporter-output>
        </test-method> <!-- loginCase -->
        <test-method status="PASS" signature="closeCase()[pri:0, instance:autofreamwork.LoginTest@3ac3fd8b]" name="closeCase" is-config="true" duration-ms="815" started-at="2018-07-31T09:59:09Z" finished-at="2018-07-31T09:59:10Z">
          <reporter-output>
          </reporter-output>
        </test-method> <!-- closeCase -->
        <test-method status="PASS" signature="loginFalsephone()[pri:0, instance:autofreamwork.LoginTest@3ac3fd8b]" name="loginFalsephone" duration-ms="6127" started-at="2018-07-31T09:59:10Z" finished-at="2018-07-31T09:59:16Z">
          <reporter-output>
          </reporter-output>
        </test-method> <!-- loginFalsephone -->
        <test-method status="PASS" signature="closeCase()[pri:0, instance:autofreamwork.LoginTest@3ac3fd8b]" name="closeCase" is-config="true" duration-ms="880" started-at="2018-07-31T09:59:16Z" finished-at="2018-07-31T09:59:17Z">
          <reporter-output>
          </reporter-output>
        </test-method> <!-- closeCase -->
        <test-method status="PASS" signature="loginFalsepwd()[pri:0, instance:autofreamwork.LoginTest@3ac3fd8b]" name="loginFalsepwd" duration-ms="6258" started-at="2018-07-31T09:59:17Z" finished-at="2018-07-31T09:59:23Z">
          <reporter-output>
          </reporter-output>
        </test-method> <!-- loginFalsepwd -->
        <test-method status="PASS" signature="closeCase()[pri:0, instance:autofreamwork.LoginTest@3ac3fd8b]" name="closeCase" is-config="true" duration-ms="801" started-at="2018-07-31T09:59:23Z" finished-at="2018-07-31T09:59:24Z">
          <reporter-output>
          </reporter-output>
        </test-method> <!-- closeCase -->
      </class> <!-- autofreamwork.LoginTest -->
    </test> <!-- JuYiPai -->
  </suite> <!-- Default Suite -->
</testng-results>
