<?xml version="1.0" encoding="UTF-8"?>
<testng-results skipped="0" failed="0" ignored="0" total="3" passed="3">
  <reporter-output>
  </reporter-output>
  <suite name="Default Suite" duration-ms="25539" started-at="2018-07-31T02:30:18Z" finished-at="2018-07-31T02:30:43Z">
    <groups>
    </groups>
    <test name="JuYiPai" duration-ms="25539" started-at="2018-07-31T02:30:18Z" finished-at="2018-07-31T02:30:43Z">
      <class name="autofreamwork.LoginTest">
        <test-method status="PASS" signature="loginCase()[pri:0, instance:autofreamwork.LoginTest@3ac3fd8b]" name="loginCase" duration-ms="10668" started-at="2018-07-31T10:30:18Z" finished-at="2018-07-31T10:30:28Z">
          <reporter-output>
          </reporter-output>
        </test-method> <!-- loginCase -->
        <test-method status="PASS" signature="closeCase()[pri:0, instance:autofreamwork.LoginTest@3ac3fd8b]" name="closeCase" is-config="true" duration-ms="810" started-at="2018-07-31T10:30:28Z" finished-at="2018-07-31T10:30:29Z">
          <reporter-output>
          </reporter-output>
        </test-method> <!-- closeCase -->
        <test-method status="PASS" signature="loginFalsephone()[pri:0, instance:autofreamwork.LoginTest@3ac3fd8b]" name="loginFalsephone" duration-ms="6123" started-at="2018-07-31T10:30:29Z" finished-at="2018-07-31T10:30:35Z">
          <reporter-output>
          </reporter-output>
        </test-method> <!-- loginFalsephone -->
        <test-method status="PASS" signature="closeCase()[pri:0, instance:autofreamwork.LoginTest@3ac3fd8b]" name="closeCase" is-config="true" duration-ms="1108" started-at="2018-07-31T10:30:35Z" finished-at="2018-07-31T10:30:36Z">
          <reporter-output>
          </reporter-output>
        </test-method> <!-- closeCase -->
        <test-method status="PASS" signature="loginFalsepwd()[pri:0, instance:autofreamwork.LoginTest@3ac3fd8b]" name="loginFalsepwd" duration-ms="5987" started-at="2018-07-31T10:30:36Z" finished-at="2018-07-31T10:30:42Z">
          <reporter-output>
          </reporter-output>
        </test-method> <!-- loginFalsepwd -->
        <test-method status="PASS" signature="closeCase()[pri:0, instance:autofreamwork.LoginTest@3ac3fd8b]" name="closeCase" is-config="true" duration-ms="822" started-at="2018-07-31T10:30:42Z" finished-at="2018-07-31T10:30:43Z">
          <reporter-output>
          </reporter-output>
        </test-method> <!-- closeCase -->
      </class> <!-- autofreamwork.LoginTest -->
    </test> <!-- JuYiPai -->
  </suite> <!-- Default Suite -->
</testng-results>
