<?xml version="1.0" encoding="UTF-8"?>
<testsuite xmlns:xsi="http://www.w3.org/2001/XMLSchema-instance" xsi:schemaLocation="https://maven.apache.org/surefire/maven-surefire-plugin/xsd/surefire-test-report.xsd" name="TestSuite" time="25.948" tests="3" errors="0" skipped="0" failures="0">
  <properties>
[...]
</properties>
  <testcase name="loginCase" classname="autofreamwork.LoginTest" time="10.668"/>
  <testcase name="loginFalsephone" classname="autofreamwork.LoginTest" time="6.122"/>
  <testcase name="loginFalsepwd" classname="autofreamwork.LoginTest" time="5.988"/>
</testsuite>